<test-run id="2" duration="0.4569969" testcasecount="16" total="16" passed="16" failed="0" inconclusive="0" skipped="0" result="Passed" start-time="2021-10-17T 16:31:06Z" end-time="2021-10-17T 16:31:09Z">
  <test-suite type="Assembly" name="SimplePassword.Tests.dll" fullname="C:\Users\olatu\Projects\demo\AWSM\simple-password\SimplePassword\SimplePassword.Tests\bin\Debug\net5.0\SimplePassword.Tests.dll" total="16" passed="16" failed="0" inconclusive="0" skipped="0" result="Passed" start-time="2021-10-17T 16:31:08Z" end-time="2021-10-17T 16:31:09Z" duration="0.4569969">
    <test-suite type="TestSuite" name="SimplePassword" fullname="SimplePassword" total="16" passed="16" failed="0" inconclusive="0" skipped="0" result="Passed" start-time="2021-10-17T 16:31:08Z" end-time="2021-10-17T 16:31:09Z" duration="0.4569969">
      <test-suite type="TestSuite" name="Tests" fullname="SimplePassword.Tests" total="16" passed="16" failed="0" inconclusive="0" skipped="0" result="Passed" start-time="2021-10-17T 16:31:08Z" end-time="2021-10-17T 16:31:09Z" duration="0.4569969">
        <test-suite type="TestFixture" name="SimplePasswordServiceTests" fullname="SimplePassword.Tests.SimplePasswordServiceTests" total="16" passed="16" failed="0" inconclusive="0" skipped="0" result="Passed" start-time="2021-10-17T 16:31:08Z" end-time="2021-10-17T 16:31:09Z" duration="0.4569969">
          <test-case name="SimplePassword_Returns_CorrectPasswordValidity(&quot;passWord123!!!!&quot;)" fullname="SimplePassword.Tests.SimplePasswordServiceTests.SimplePassword_Returns_CorrectPasswordValidity(&quot;passWord123!!!!&quot;)" methodname="SimplePassword_Returns_CorrectPasswordValidity(&quot;passWord123!!!!&quot;)" classname="SimplePasswordServiceTests" result="Passed" start-time="2021-10-17T 16:31:08Z" end-time="2021-10-17T 16:31:09Z" duration="0.445337" asserts="0" />
          <test-case name="SimplePassword_Returns_CorrectPasswordValidity(&quot;turkey90AAA=&quot;)" fullname="SimplePassword.Tests.SimplePasswordServiceTests.SimplePassword_Returns_CorrectPasswordValidity(&quot;turkey90AAA=&quot;)" methodname="SimplePassword_Returns_CorrectPasswordValidity(&quot;turkey90AAA=&quot;)" classname="SimplePasswordServiceTests" result="Passed" start-time="2021-10-17T 16:31:09Z" end-time="2021-10-17T 16:31:09Z" duration="0.002036" asserts="0" />
          <test-case name="SimplePassword_Returns_CorrectPasswordValidity(&quot;apple!M7&quot;)" fullname="SimplePassword.Tests.SimplePasswordServiceTests.SimplePassword_Returns_CorrectPasswordValidity(&quot;apple!M7&quot;)" methodname="SimplePassword_Returns_CorrectPasswordValidity(&quot;apple!M7&quot;)" classname="SimplePasswordServiceTests" result="Passed" start-time="2021-10-17T 16:31:09Z" end-time="2021-10-17T 16:31:09Z" duration="0.001398" asserts="0" />
          <test-case name="SimplePassword_Returns_CorrectPasswordValidity(&quot;franceBBB+-=&quot;)" fullname="SimplePassword.Tests.SimplePasswordServiceTests.SimplePassword_Returns_CorrectPasswordValidity(&quot;franceBBB+-=&quot;)" methodname="SimplePassword_Returns_CorrectPasswordValidity(&quot;franceBBB+-=&quot;)" classname="SimplePasswordServiceTests" result="Passed" start-time="2021-10-17T 16:31:09Z" end-time="2021-10-17T 16:31:09Z" duration="0.000265" asserts="0" />
          <test-case name="SimplePassword_Returns_CorrectPasswordValidity(&quot;indigo99AB@+===&quot;)" fullname="SimplePassword.Tests.SimplePasswordServiceTests.SimplePassword_Returns_CorrectPasswordValidity(&quot;indigo99AB@+===&quot;)" methodname="SimplePassword_Returns_CorrectPasswordValidity(&quot;indigo99AB@+===&quot;)" classname="SimplePasswordServiceTests" result="Passed" start-time="2021-10-17T 16:31:09Z" end-time="2021-10-17T 16:31:09Z" duration="0.00043" asserts="0" />
          <test-case name="SimplePassword_Returns_CorrectPasswordValidity(&quot;D%bh^+BW~Uh_[Xdr6&lt;h&lt;x,Zk,&lt;rv#&quot;)" fullname="SimplePassword.Tests.SimplePasswordServiceTests.SimplePassword_Returns_CorrectPasswordValidity(&quot;D%bh^+BW~Uh_[Xdr6&lt;h&lt;x,Zk,&lt;rv#&quot;)" methodname="SimplePassword_Returns_CorrectPasswordValidity(&quot;D%bh^+BW~Uh_[Xdr6&lt;h&lt;x,Zk,&lt;rv#&quot;)" classname="SimplePasswordServiceTests" result="Passed" start-time="2021-10-17T 16:31:09Z" end-time="2021-10-17T 16:31:09Z" duration="0.000441" asserts="0" />
          <test-case name="SimplePassword_Returns_CorrectPasswordValidity(&quot;A3R&lt;r@MZWhNcSmJ4;QA@7pC7u&amp;jY745u&quot;)" fullname="SimplePassword.Tests.SimplePasswordServiceTests.SimplePassword_Returns_CorrectPasswordValidity(&quot;A3R&lt;r@MZWhNcSmJ4;QA@7pC7u&amp;jY745u&quot;)" methodname="SimplePassword_Returns_CorrectPasswordValidity(&quot;A3R&lt;r@MZWhNcSmJ4;QA@7pC7u&amp;jY745u&quot;)" classname="SimplePasswordServiceTests" result="Passed" start-time="2021-10-17T 16:31:09Z" end-time="2021-10-17T 16:31:09Z" duration="0.000577" asserts="0" />
          <test-case name="SimplePassword_Returns_CorrectPasswordValidity(&quot;fr12B-=&quot;)" fullname="SimplePassword.Tests.SimplePasswordServiceTests.SimplePassword_Returns_CorrectPasswordValidity(&quot;fr12B-=&quot;)" methodname="SimplePassword_Returns_CorrectPasswordValidity(&quot;fr12B-=&quot;)" classname="SimplePasswordServiceTests" result="Passed" start-time="2021-10-17T 16:31:09Z" end-time="2021-10-17T 16:31:09Z" duration="0.000206" asserts="0" />
          <test-case name="SimplePassword_Returns_CorrectValidityError(&quot;passWord123!!!!&quot;)" fullname="SimplePassword.Tests.SimplePasswordServiceTests.SimplePassword_Returns_CorrectValidityError(&quot;passWord123!!!!&quot;)" methodname="SimplePassword_Returns_CorrectValidityError(&quot;passWord123!!!!&quot;)" classname="SimplePasswordServiceTests" result="Passed" start-time="2021-10-17T 16:31:09Z" end-time="2021-10-17T 16:31:09Z" duration="0.003378" asserts="0" />
          <test-case name="SimplePassword_Returns_CorrectValidityError(&quot;turkey90AAA=&quot;)" fullname="SimplePassword.Tests.SimplePasswordServiceTests.SimplePassword_Returns_CorrectValidityError(&quot;turkey90AAA=&quot;)" methodname="SimplePassword_Returns_CorrectValidityError(&quot;turkey90AAA=&quot;)" classname="SimplePasswordServiceTests" result="Passed" start-time="2021-10-17T 16:31:09Z" end-time="2021-10-17T 16:31:09Z" duration="0.0005599" asserts="0" />
          <test-case name="SimplePassword_Returns_CorrectValidityError(&quot;franceBBB+-=&quot;)" fullname="SimplePassword.Tests.SimplePasswordServiceTests.SimplePassword_Returns_CorrectValidityError(&quot;franceBBB+-=&quot;)" methodname="SimplePassword_Returns_CorrectValidityError(&quot;franceBBB+-=&quot;)" classname="SimplePasswordServiceTests" result="Passed" start-time="2021-10-17T 16:31:09Z" end-time="2021-10-17T 16:31:09Z" duration="0.000289" asserts="0" />
          <test-case name="SimplePassword_Returns_CorrectValidityError(&quot;mikeonetwo@+-=&quot;)" fullname="SimplePassword.Tests.SimplePasswordServiceTests.SimplePassword_Returns_CorrectValidityError(&quot;mikeonetwo@+-=&quot;)" methodname="SimplePassword_Returns_CorrectValidityError(&quot;mikeonetwo@+-=&quot;)" classname="SimplePasswordServiceTests" result="Passed" start-time="2021-10-17T 16:31:09Z" end-time="2021-10-17T 16:31:09Z" duration="0.000406" asserts="0" />
          <test-case name="SimplePassword_Returns_CorrectValidityError(&quot;indigo99AB122&quot;)" fullname="SimplePassword.Tests.SimplePasswordServiceTests.SimplePassword_Returns_CorrectValidityError(&quot;indigo99AB122&quot;)" methodname="SimplePassword_Returns_CorrectValidityError(&quot;indigo99AB122&quot;)" classname="SimplePasswordServiceTests" result="Passed" start-time="2021-10-17T 16:31:09Z" end-time="2021-10-17T 16:31:09Z" duration="0.000262" asserts="0" />
          <test-case name="SimplePassword_Returns_CorrectValidityError(&quot;D%bh^+BW~Uh_[Xdr6&lt;h&lt;x,Zk,&lt;rv#&quot;)" fullname="SimplePassword.Tests.SimplePasswordServiceTests.SimplePassword_Returns_CorrectValidityError(&quot;D%bh^+BW~Uh_[Xdr6&lt;h&lt;x,Zk,&lt;rv#&quot;)" methodname="SimplePassword_Returns_CorrectValidityError(&quot;D%bh^+BW~Uh_[Xdr6&lt;h&lt;x,Zk,&lt;rv#&quot;)" classname="SimplePasswordServiceTests" result="Passed" start-time="2021-10-17T 16:31:09Z" end-time="2021-10-17T 16:31:09Z" duration="0.00034" asserts="0" />
          <test-case name="SimplePassword_Returns_CorrectValidityError(&quot;A3R&lt;r@MZWhNcSmJ4;QA@7pC7u&amp;jY745u&quot;)" fullname="SimplePassword.Tests.SimplePasswordServiceTests.SimplePassword_Returns_CorrectValidityError(&quot;A3R&lt;r@MZWhNcSmJ4;QA@7pC7u&amp;jY745u&quot;)" methodname="SimplePassword_Returns_CorrectValidityError(&quot;A3R&lt;r@MZWhNcSmJ4;QA@7pC7u&amp;jY745u&quot;)" classname="SimplePasswordServiceTests" result="Passed" start-time="2021-10-17T 16:31:09Z" end-time="2021-10-17T 16:31:09Z" duration="0.00077" asserts="0" />
          <test-case name="SimplePassword_Returns_CorrectValidityError(&quot;fr12B-=&quot;)" fullname="SimplePassword.Tests.SimplePasswordServiceTests.SimplePassword_Returns_CorrectValidityError(&quot;fr12B-=&quot;)" methodname="SimplePassword_Returns_CorrectValidityError(&quot;fr12B-=&quot;)" classname="SimplePasswordServiceTests" result="Passed" start-time="2021-10-17T 16:31:09Z" end-time="2021-10-17T 16:31:09Z" duration="0.000302" asserts="0" />
        </test-suite>
      </test-suite>
    </test-suite>
    <errors />
  </test-suite>
</test-run>